0 info it worked if it ends with ok
1 verbose cli [ '/usr/bin/nodejs', '/usr/bin/npm', 'run', 'deploy' ]
2 info using npm@3.10.8
3 info using node@v6.9.1
4 verbose run-script [ 'predeploy', 'deploy', 'postdeploy' ]
5 info lifecycle test@1.0.0~predeploy: test@1.0.0
6 silly lifecycle test@1.0.0~predeploy: no script for predeploy, continuing
7 info lifecycle test@1.0.0~deploy: test@1.0.0
8 verbose lifecycle test@1.0.0~deploy: unsafe-perm in lifecycle true
9 verbose lifecycle test@1.0.0~deploy: PATH: /usr/lib/node_modules/npm/bin/node-gyp-bin:/home/lpec/projects/reddit_museum/node_modules/.bin:/home/lpec/bin:/home/lpec/.local/bin:/usr/local/sbin:/usr/local/bin:/usr/sbin:/usr/bin:/sbin:/bin:/usr/games:/usr/local/games:/snap/bin:/home/lpec/.rvm/bin:/home/lpec/.rvm/bin
10 verbose lifecycle test@1.0.0~deploy: CWD: /home/lpec/projects/reddit_museum
11 silly lifecycle test@1.0.0~deploy: Args: [ '-c',
11 silly lifecycle   'cp src/app.css dist/ && cp src/index.html dist/ && git add dist/ && git commit -m \'Deploy\' && git subtree push --prefix dist origin gh-pages' ]
12 silly lifecycle test@1.0.0~deploy: Returned: code: 1  signal: null
13 info lifecycle test@1.0.0~deploy: Failed to exec deploy script
14 verbose stack Error: test@1.0.0 deploy: `cp src/app.css dist/ && cp src/index.html dist/ && git add dist/ && git commit -m 'Deploy' && git subtree push --prefix dist origin gh-pages`
14 verbose stack Exit status 1
14 verbose stack     at EventEmitter.<anonymous> (/usr/lib/node_modules/npm/lib/utils/lifecycle.js:255:16)
14 verbose stack     at emitTwo (events.js:106:13)
14 verbose stack     at EventEmitter.emit (events.js:191:7)
14 verbose stack     at ChildProcess.<anonymous> (/usr/lib/node_modules/npm/lib/utils/spawn.js:40:14)
14 verbose stack     at emitTwo (events.js:106:13)
14 verbose stack     at ChildProcess.emit (events.js:191:7)
14 verbose stack     at maybeClose (internal/child_process.js:877:16)
14 verbose stack     at Process.ChildProcess._handle.onexit (internal/child_process.js:226:5)
15 verbose pkgid test@1.0.0
16 verbose cwd /home/lpec/projects/reddit_museum
17 error Linux 4.4.0-57-generic
18 error argv "/usr/bin/nodejs" "/usr/bin/npm" "run" "deploy"
19 error node v6.9.1
20 error npm  v3.10.8
21 error code ELIFECYCLE
22 error test@1.0.0 deploy: `cp src/app.css dist/ && cp src/index.html dist/ && git add dist/ && git commit -m 'Deploy' && git subtree push --prefix dist origin gh-pages`
22 error Exit status 1
23 error Failed at the test@1.0.0 deploy script 'cp src/app.css dist/ && cp src/index.html dist/ && git add dist/ && git commit -m 'Deploy' && git subtree push --prefix dist origin gh-pages'.
23 error Make sure you have the latest version of node.js and npm installed.
23 error If you do, this is most likely a problem with the test package,
23 error not with npm itself.
23 error Tell the author that this fails on your system:
23 error     cp src/app.css dist/ && cp src/index.html dist/ && git add dist/ && git commit -m 'Deploy' && git subtree push --prefix dist origin gh-pages
23 error You can get information on how to open an issue for this project with:
23 error     npm bugs test
23 error Or if that isn't available, you can get their info via:
23 error     npm owner ls test
23 error There is likely additional logging output above.
24 verbose exit [ 1, true ]
